==157436== Memcheck, a memory error detector
==157436== Copyright (C) 2002-2017, and GNU GPL'd, by Julian Seward et al.
==157436== Using Valgrind-3.15.0 and LibVEX; rerun with -h for copyright info
==157436== Command: ./test_assign4_1
==157436== Parent PID: 139469
==157436== 
==157436== Invalid read of size 8
==157436==    at 0x112BA3: insertIntoLeafNode (btree_mgr.c:381)
==157436==    by 0x113208: insertKey (btree_mgr.c:510)
==157436==    by 0x1098DB: testInsertAndFind (test_assign4_1.c:73)
==157436==    by 0x109603: main (test_assign4_1.c:33)
==157436==  Address 0x4a5ba58 is 8 bytes before a block of size 24 alloc'd
==157436==    at 0x483B7F3: malloc (in /usr/lib/x86_64-linux-gnu/valgrind/vgpreload_memcheck-amd64-linux.so)
==157436==    by 0x1129AF: createNode (btree_mgr.c:302)
==157436==    by 0x1129FF: createLeafNode (btree_mgr.c:317)
==157436==    by 0x1131AE: insertKey (btree_mgr.c:501)
==157436==    by 0x1098DB: testInsertAndFind (test_assign4_1.c:73)
==157436==    by 0x109603: main (test_assign4_1.c:33)
==157436== 
==157436== Invalid read of size 8
==157436==    at 0x112BD8: insertIntoLeafNode (btree_mgr.c:382)
==157436==    by 0x113208: insertKey (btree_mgr.c:510)
==157436==    by 0x1098DB: testInsertAndFind (test_assign4_1.c:73)
==157436==    by 0x109603: main (test_assign4_1.c:33)
==157436==  Address 0x4a5bab8 is 8 bytes before a block of size 24 alloc'd
==157436==    at 0x483B7F3: malloc (in /usr/lib/x86_64-linux-gnu/valgrind/vgpreload_memcheck-amd64-linux.so)
==157436==    by 0x112A24: createLeafNode (btree_mgr.c:319)
==157436==    by 0x1131AE: insertKey (btree_mgr.c:501)
==157436==    by 0x1098DB: testInsertAndFind (test_assign4_1.c:73)
==157436==    by 0x109603: main (test_assign4_1.c:33)
==157436== 
==157436== Invalid write of size 8
==157436==    at 0x10BF75: shutdownBufferPool (buffer_mgr.c:184)
==157436==    by 0x1125A5: closeBtree (btree_mgr.c:133)
==157436==    by 0x109D67: testInsertAndFind (test_assign4_1.c:93)
==157436==    by 0x109603: main (test_assign4_1.c:33)
==157436==  Address 0x4a59050 is 16 bytes inside a block of size 80 free'd
==157436==    at 0x483CA3F: free (in /usr/lib/x86_64-linux-gnu/valgrind/vgpreload_memcheck-amd64-linux.so)
==157436==    by 0x10BF70: shutdownBufferPool (buffer_mgr.c:183)
==157436==    by 0x1125A5: closeBtree (btree_mgr.c:133)
==157436==    by 0x109D67: testInsertAndFind (test_assign4_1.c:93)
==157436==    by 0x109603: main (test_assign4_1.c:33)
==157436==  Block was alloc'd at
==157436==    at 0x483B7F3: malloc (in /usr/lib/x86_64-linux-gnu/valgrind/vgpreload_memcheck-amd64-linux.so)
==157436==    by 0x10BDF5: initBufferPool (buffer_mgr.c:140)
==157436==    by 0x1124A6: openBtree (btree_mgr.c:103)
==157436==    by 0x10981B: testInsertAndFind (test_assign4_1.c:69)
==157436==    by 0x109603: main (test_assign4_1.c:33)
==157436== 
==157436== Invalid write of size 8
==157436==    at 0x10BF81: shutdownBufferPool (buffer_mgr.c:185)
==157436==    by 0x1125A5: closeBtree (btree_mgr.c:133)
==157436==    by 0x109D67: testInsertAndFind (test_assign4_1.c:93)
==157436==    by 0x109603: main (test_assign4_1.c:33)
==157436==  Address 0x4a59058 is 24 bytes inside a block of size 80 free'd
==157436==    at 0x483CA3F: free (in /usr/lib/x86_64-linux-gnu/valgrind/vgpreload_memcheck-amd64-linux.so)
==157436==    by 0x10BF70: shutdownBufferPool (buffer_mgr.c:183)
==157436==    by 0x1125A5: closeBtree (btree_mgr.c:133)
==157436==    by 0x109D67: testInsertAndFind (test_assign4_1.c:93)
==157436==    by 0x109603: main (test_assign4_1.c:33)
==157436==  Block was alloc'd at
==157436==    at 0x483B7F3: malloc (in /usr/lib/x86_64-linux-gnu/valgrind/vgpreload_memcheck-amd64-linux.so)
==157436==    by 0x10BDF5: initBufferPool (buffer_mgr.c:140)
==157436==    by 0x1124A6: openBtree (btree_mgr.c:103)
==157436==    by 0x10981B: testInsertAndFind (test_assign4_1.c:69)
==157436==    by 0x109603: main (test_assign4_1.c:33)
==157436== 
==157436== Invalid read of size 8
==157436==    at 0x112BA3: insertIntoLeafNode (btree_mgr.c:381)
==157436==    by 0x113208: insertKey (btree_mgr.c:510)
==157436==    by 0x10A2AF: testDelete (test_assign4_1.c:147)
==157436==    by 0x109608: main (test_assign4_1.c:34)
==157436==  Address 0x4a64788 is 8 bytes before a block of size 24 alloc'd
==157436==    at 0x483B7F3: malloc (in /usr/lib/x86_64-linux-gnu/valgrind/vgpreload_memcheck-amd64-linux.so)
==157436==    by 0x1129AF: createNode (btree_mgr.c:302)
==157436==    by 0x1129FF: createLeafNode (btree_mgr.c:317)
==157436==    by 0x1131AE: insertKey (btree_mgr.c:501)
==157436==    by 0x10A2AF: testDelete (test_assign4_1.c:147)
==157436==    by 0x109608: main (test_assign4_1.c:34)
==157436== 
==157436== Invalid read of size 8
==157436==    at 0x112BD8: insertIntoLeafNode (btree_mgr.c:382)
==157436==    by 0x113208: insertKey (btree_mgr.c:510)
==157436==    by 0x10A2AF: testDelete (test_assign4_1.c:147)
==157436==    by 0x109608: main (test_assign4_1.c:34)
==157436==  Address 0x4a647e8 is 8 bytes before a block of size 24 alloc'd
==157436==    at 0x483B7F3: malloc (in /usr/lib/x86_64-linux-gnu/valgrind/vgpreload_memcheck-amd64-linux.so)
==157436==    by 0x112A24: createLeafNode (btree_mgr.c:319)
==157436==    by 0x1131AE: insertKey (btree_mgr.c:501)
==157436==    by 0x10A2AF: testDelete (test_assign4_1.c:147)
==157436==    by 0x109608: main (test_assign4_1.c:34)
==157436== 
==157436== Invalid write of size 8
==157436==    at 0x10BF75: shutdownBufferPool (buffer_mgr.c:184)
==157436==    by 0x1125A5: closeBtree (btree_mgr.c:133)
==157436==    by 0x10A6E0: testDelete (test_assign4_1.c:180)
==157436==    by 0x109608: main (test_assign4_1.c:34)
==157436==  Address 0x4a61d80 is 16 bytes inside a block of size 80 free'd
==157436==    at 0x483CA3F: free (in /usr/lib/x86_64-linux-gnu/valgrind/vgpreload_memcheck-amd64-linux.so)
==157436==    by 0x10BF70: shutdownBufferPool (buffer_mgr.c:183)
==157436==    by 0x1125A5: closeBtree (btree_mgr.c:133)
==157436==    by 0x10A6E0: testDelete (test_assign4_1.c:180)
==157436==    by 0x109608: main (test_assign4_1.c:34)
==157436==  Block was alloc'd at
==157436==    at 0x483B7F3: malloc (in /usr/lib/x86_64-linux-gnu/valgrind/vgpreload_memcheck-amd64-linux.so)
==157436==    by 0x10BDF5: initBufferPool (buffer_mgr.c:140)
==157436==    by 0x1124A6: openBtree (btree_mgr.c:103)
==157436==    by 0x10A1EF: testDelete (test_assign4_1.c:143)
==157436==    by 0x109608: main (test_assign4_1.c:34)
==157436== 
==157436== Invalid write of size 8
==157436==    at 0x10BF81: shutdownBufferPool (buffer_mgr.c:185)
==157436==    by 0x1125A5: closeBtree (btree_mgr.c:133)
==157436==    by 0x10A6E0: testDelete (test_assign4_1.c:180)
==157436==    by 0x109608: main (test_assign4_1.c:34)
==157436==  Address 0x4a61d88 is 24 bytes inside a block of size 80 free'd
==157436==    at 0x483CA3F: free (in /usr/lib/x86_64-linux-gnu/valgrind/vgpreload_memcheck-amd64-linux.so)
==157436==    by 0x10BF70: shutdownBufferPool (buffer_mgr.c:183)
==157436==    by 0x1125A5: closeBtree (btree_mgr.c:133)
==157436==    by 0x10A6E0: testDelete (test_assign4_1.c:180)
==157436==    by 0x109608: main (test_assign4_1.c:34)
==157436==  Block was alloc'd at
==157436==    at 0x483B7F3: malloc (in /usr/lib/x86_64-linux-gnu/valgrind/vgpreload_memcheck-amd64-linux.so)
==157436==    by 0x10BDF5: initBufferPool (buffer_mgr.c:140)
==157436==    by 0x1124A6: openBtree (btree_mgr.c:103)
==157436==    by 0x10A1EF: testDelete (test_assign4_1.c:143)
==157436==    by 0x109608: main (test_assign4_1.c:34)
==157436== 
==157436== Invalid read of size 8
==157436==    at 0x11366C: updateParentEntry (btree_mgr.c:619)
==157436==    by 0x113D1F: deleteKey (btree_mgr.c:769)
==157436==    by 0x10A3E4: testDelete (test_assign4_1.c:155)
==157436==    by 0x109608: main (test_assign4_1.c:34)
==157436==  Address 0x4ab4978 is 8 bytes before a block of size 24 alloc'd
==157436==    at 0x483B7F3: malloc (in /usr/lib/x86_64-linux-gnu/valgrind/vgpreload_memcheck-amd64-linux.so)
==157436==    by 0x1129AF: createNode (btree_mgr.c:302)
==157436==    by 0x112A51: createNonLeafNode (btree_mgr.c:331)
==157436==    by 0x112FE8: insertIntoParentNode (btree_mgr.c:464)
==157436==    by 0x113265: insertKey (btree_mgr.c:522)
==157436==    by 0x10A2AF: testDelete (test_assign4_1.c:147)
==157436==    by 0x109608: main (test_assign4_1.c:34)
==157436== 
==157436== Invalid read of size 8
==157436==    at 0x112BA3: insertIntoLeafNode (btree_mgr.c:381)
==157436==    by 0x113208: insertKey (btree_mgr.c:510)
==157436==    by 0x10ABFB: testIndexScan (test_assign4_1.c:236)
==157436==    by 0x10960D: main (test_assign4_1.c:35)
==157436==  Address 0x58ec7d8 is 8 bytes before a block of size 24 alloc'd
==157436==    at 0x483B7F3: malloc (in /usr/lib/x86_64-linux-gnu/valgrind/vgpreload_memcheck-amd64-linux.so)
==157436==    by 0x1129AF: createNode (btree_mgr.c:302)
==157436==    by 0x1129FF: createLeafNode (btree_mgr.c:317)
==157436==    by 0x1131AE: insertKey (btree_mgr.c:501)
==157436==    by 0x10ABFB: testIndexScan (test_assign4_1.c:236)
==157436==    by 0x10960D: main (test_assign4_1.c:35)
==157436== 
==157436== Invalid read of size 8
==157436==    at 0x112BD8: insertIntoLeafNode (btree_mgr.c:382)
==157436==    by 0x113208: insertKey (btree_mgr.c:510)
==157436==    by 0x10ABFB: testIndexScan (test_assign4_1.c:236)
==157436==    by 0x10960D: main (test_assign4_1.c:35)
==157436==  Address 0x58ec838 is 8 bytes before a block of size 24 alloc'd
==157436==    at 0x483B7F3: malloc (in /usr/lib/x86_64-linux-gnu/valgrind/vgpreload_memcheck-amd64-linux.so)
==157436==    by 0x112A24: createLeafNode (btree_mgr.c:319)
==157436==    by 0x1131AE: insertKey (btree_mgr.c:501)
==157436==    by 0x10ABFB: testIndexScan (test_assign4_1.c:236)
==157436==    by 0x10960D: main (test_assign4_1.c:35)
==157436== 
==157436== Invalid write of size 8
==157436==    at 0x10BF75: shutdownBufferPool (buffer_mgr.c:184)
==157436==    by 0x1125A5: closeBtree (btree_mgr.c:133)
==157436==    by 0x10B022: testIndexScan (test_assign4_1.c:258)
==157436==    by 0x10960D: main (test_assign4_1.c:35)
==157436==  Address 0x58e9dd0 is 16 bytes inside a block of size 80 free'd
==157436==    at 0x483CA3F: free (in /usr/lib/x86_64-linux-gnu/valgrind/vgpreload_memcheck-amd64-linux.so)
==157436==    by 0x10BF70: shutdownBufferPool (buffer_mgr.c:183)
==157436==    by 0x1125A5: closeBtree (btree_mgr.c:133)
==157436==    by 0x10B022: testIndexScan (test_assign4_1.c:258)
==157436==    by 0x10960D: main (test_assign4_1.c:35)
==157436==  Block was alloc'd at
==157436==    at 0x483B7F3: malloc (in /usr/lib/x86_64-linux-gnu/valgrind/vgpreload_memcheck-amd64-linux.so)
==157436==    by 0x10BDF5: initBufferPool (buffer_mgr.c:140)
==157436==    by 0x1124A6: openBtree (btree_mgr.c:103)
==157436==    by 0x10AB0F: testIndexScan (test_assign4_1.c:232)
==157436==    by 0x10960D: main (test_assign4_1.c:35)
==157436== 
==157436== Invalid write of size 8
==157436==    at 0x10BF81: shutdownBufferPool (buffer_mgr.c:185)
==157436==    by 0x1125A5: closeBtree (btree_mgr.c:133)
==157436==    by 0x10B022: testIndexScan (test_assign4_1.c:258)
==157436==    by 0x10960D: main (test_assign4_1.c:35)
==157436==  Address 0x58e9dd8 is 24 bytes inside a block of size 80 free'd
==157436==    at 0x483CA3F: free (in /usr/lib/x86_64-linux-gnu/valgrind/vgpreload_memcheck-amd64-linux.so)
==157436==    by 0x10BF70: shutdownBufferPool (buffer_mgr.c:183)
==157436==    by 0x1125A5: closeBtree (btree_mgr.c:133)
==157436==    by 0x10B022: testIndexScan (test_assign4_1.c:258)
==157436==    by 0x10960D: main (test_assign4_1.c:35)
==157436==  Block was alloc'd at
==157436==    at 0x483B7F3: malloc (in /usr/lib/x86_64-linux-gnu/valgrind/vgpreload_memcheck-amd64-linux.so)
==157436==    by 0x10BDF5: initBufferPool (buffer_mgr.c:140)
==157436==    by 0x1124A6: openBtree (btree_mgr.c:103)
==157436==    by 0x10AB0F: testIndexScan (test_assign4_1.c:232)
==157436==    by 0x10960D: main (test_assign4_1.c:35)
==157436== 
==157436== 
==157436== HEAP SUMMARY:
==157436==     in use at exit: 495,224 bytes in 4,560 blocks
==157436==   total heap usage: 11,592 allocs, 7,032 frees, 16,337,828 bytes allocated
==157436== 
==157436== 24 bytes in 1 blocks are indirectly lost in loss record 1 of 60
==157436==    at 0x483B7F3: malloc (in /usr/lib/x86_64-linux-gnu/valgrind/vgpreload_memcheck-amd64-linux.so)
==157436==    by 0x1129AF: createNode (btree_mgr.c:302)
==157436==    by 0x1129FF: createLeafNode (btree_mgr.c:317)
==157436==    by 0x1131AE: insertKey (btree_mgr.c:501)
==157436==    by 0x1098DB: testInsertAndFind (test_assign4_1.c:73)
==157436==    by 0x109603: main (test_assign4_1.c:33)
==157436== 
==157436== 24 bytes in 1 blocks are indirectly lost in loss record 2 of 60
==157436==    at 0x483B7F3: malloc (in /usr/lib/x86_64-linux-gnu/valgrind/vgpreload_memcheck-amd64-linux.so)
==157436==    by 0x112A24: createLeafNode (btree_mgr.c:319)
==157436==    by 0x1131AE: insertKey (btree_mgr.c:501)
==157436==    by 0x1098DB: testInsertAndFind (test_assign4_1.c:73)
==157436==    by 0x109603: main (test_assign4_1.c:33)
==157436== 
==157436== 24 bytes in 1 blocks are indirectly lost in loss record 3 of 60
==157436==    at 0x483B7F3: malloc (in /usr/lib/x86_64-linux-gnu/valgrind/vgpreload_memcheck-amd64-linux.so)
==157436==    by 0x1129AF: createNode (btree_mgr.c:302)
==157436==    by 0x112A51: createNonLeafNode (btree_mgr.c:331)
==157436==    by 0x112FE8: insertIntoParentNode (btree_mgr.c:464)
==157436==    by 0x113265: insertKey (btree_mgr.c:522)
==157436==    by 0x1098DB: testInsertAndFind (test_assign4_1.c:73)
==157436==    by 0x109603: main (test_assign4_1.c:33)
==157436== 
==157436== 24 bytes in 1 blocks are definitely lost in loss record 4 of 60
==157436==    at 0x483B7F3: malloc (in /usr/lib/x86_64-linux-gnu/valgrind/vgpreload_memcheck-amd64-linux.so)
==157436==    by 0x112466: openBtree (btree_mgr.c:100)
==157436==    by 0x10981B: testInsertAndFind (test_assign4_1.c:69)
==157436==    by 0x109603: main (test_assign4_1.c:33)
==157436== 
==157436== 32 bytes in 1 blocks are indirectly lost in loss record 5 of 60
==157436==    at 0x483B7F3: malloc (in /usr/lib/x86_64-linux-gnu/valgrind/vgpreload_memcheck-amd64-linux.so)
==157436==    by 0x112A76: createNonLeafNode (btree_mgr.c:333)
==157436==    by 0x112FE8: insertIntoParentNode (btree_mgr.c:464)
==157436==    by 0x113265: insertKey (btree_mgr.c:522)
==157436==    by 0x1098DB: testInsertAndFind (test_assign4_1.c:73)
==157436==    by 0x109603: main (test_assign4_1.c:33)
==157436== 
==157436== 32 bytes in 2 blocks are indirectly lost in loss record 6 of 60
==157436==    at 0x483B7F3: malloc (in /usr/lib/x86_64-linux-gnu/valgrind/vgpreload_memcheck-amd64-linux.so)
==157436==    by 0x113151: copyKey (btree_mgr.c:485)
==157436==    by 0x11324A: insertKey (btree_mgr.c:519)
==157436==    by 0x1098DB: testInsertAndFind (test_assign4_1.c:73)
==157436==    by 0x109603: main (test_assign4_1.c:33)
==157436== 
==157436== 48 bytes in 2 blocks are indirectly lost in loss record 7 of 60
==157436==    at 0x483B7F3: malloc (in /usr/lib/x86_64-linux-gnu/valgrind/vgpreload_memcheck-amd64-linux.so)
==157436==    by 0x1129AF: createNode (btree_mgr.c:302)
==157436==    by 0x1129FF: createLeafNode (btree_mgr.c:317)
==157436==    by 0x112C74: splitLeafNode (btree_mgr.c:398)
==157436==    by 0x113233: insertKey (btree_mgr.c:517)
==157436==    by 0x1098DB: testInsertAndFind (test_assign4_1.c:73)
==157436==    by 0x109603: main (test_assign4_1.c:33)
==157436== 
==157436== 48 bytes in 2 blocks are indirectly lost in loss record 8 of 60
==157436==    at 0x483B7F3: malloc (in /usr/lib/x86_64-linux-gnu/valgrind/vgpreload_memcheck-amd64-linux.so)
==157436==    by 0x112A24: createLeafNode (btree_mgr.c:319)
==157436==    by 0x112C74: splitLeafNode (btree_mgr.c:398)
==157436==    by 0x113233: insertKey (btree_mgr.c:517)
==157436==    by 0x1098DB: testInsertAndFind (test_assign4_1.c:73)
==157436==    by 0x109603: main (test_assign4_1.c:33)
==157436== 
==157436== 48 bytes in 6 blocks are indirectly lost in loss record 9 of 60
==157436==    at 0x483B7F3: malloc (in /usr/lib/x86_64-linux-gnu/valgrind/vgpreload_memcheck-amd64-linux.so)
==157436==    by 0x112B10: buildRID (btree_mgr.c:363)
==157436==    by 0x112C27: insertIntoLeafNode (btree_mgr.c:385)
==157436==    by 0x113208: insertKey (btree_mgr.c:510)
==157436==    by 0x1098DB: testInsertAndFind (test_assign4_1.c:73)
==157436==    by 0x109603: main (test_assign4_1.c:33)
==157436== 
==157436== 56 bytes in 1 blocks are indirectly lost in loss record 10 of 60
==157436==    at 0x483B7F3: malloc (in /usr/lib/x86_64-linux-gnu/valgrind/vgpreload_memcheck-amd64-linux.so)
==157436==    by 0x112994: createNode (btree_mgr.c:300)
==157436==    by 0x112A51: createNonLeafNode (btree_mgr.c:331)
==157436==    by 0x112FE8: insertIntoParentNode (btree_mgr.c:464)
==157436==    by 0x113265: insertKey (btree_mgr.c:522)
==157436==    by 0x1098DB: testInsertAndFind (test_assign4_1.c:73)
==157436==    by 0x109603: main (test_assign4_1.c:33)
==157436== 
==157436== 112 bytes in 2 blocks are indirectly lost in loss record 11 of 60
==157436==    at 0x483B7F3: malloc (in /usr/lib/x86_64-linux-gnu/valgrind/vgpreload_memcheck-amd64-linux.so)
==157436==    by 0x112994: createNode (btree_mgr.c:300)
==157436==    by 0x1129FF: createLeafNode (btree_mgr.c:317)
==157436==    by 0x112C74: splitLeafNode (btree_mgr.c:398)
==157436==    by 0x113233: insertKey (btree_mgr.c:517)
==157436==    by 0x1098DB: testInsertAndFind (test_assign4_1.c:73)
==157436==    by 0x109603: main (test_assign4_1.c:33)
==157436== 
==157436== 366 bytes in 128 blocks are definitely lost in loss record 12 of 60
==157436==    at 0x483B7F3: malloc (in /usr/lib/x86_64-linux-gnu/valgrind/vgpreload_memcheck-amd64-linux.so)
==157436==    by 0x111FD0: serializeValue (rm_serializer.c:418)
==157436==    by 0x10A3A1: testDelete (test_assign4_1.c:154)
==157436==    by 0x109608: main (test_assign4_1.c:34)
==157436== 
==157436== 450 bytes in 150 blocks are definitely lost in loss record 13 of 60
==157436==    at 0x483B7F3: malloc (in /usr/lib/x86_64-linux-gnu/valgrind/vgpreload_memcheck-amd64-linux.so)
==157436==    by 0x111FD0: serializeValue (rm_serializer.c:418)
==157436==    by 0x11409B: printTree (btree_mgr.c:883)
==157436==    by 0x10A34B: testDelete (test_assign4_1.c:149)
==157436==    by 0x109608: main (test_assign4_1.c:34)
==157436== 
==157436== 504 (56 direct, 448 indirect) bytes in 1 blocks are definitely lost in loss record 14 of 60
==157436==    at 0x483B7F3: malloc (in /usr/lib/x86_64-linux-gnu/valgrind/vgpreload_memcheck-amd64-linux.so)
==157436==    by 0x112994: createNode (btree_mgr.c:300)
==157436==    by 0x1129FF: createLeafNode (btree_mgr.c:317)
==157436==    by 0x1131AE: insertKey (btree_mgr.c:501)
==157436==    by 0x1098DB: testInsertAndFind (test_assign4_1.c:73)
==157436==    by 0x109603: main (test_assign4_1.c:33)
==157436== 
==157436== 528 bytes in 33 blocks are indirectly lost in loss record 15 of 60
==157436==    at 0x483B7F3: malloc (in /usr/lib/x86_64-linux-gnu/valgrind/vgpreload_memcheck-amd64-linux.so)
==157436==    by 0x113151: copyKey (btree_mgr.c:485)
==157436==    by 0x113D04: deleteKey (btree_mgr.c:768)
==157436==    by 0x10A3E4: testDelete (test_assign4_1.c:155)
==157436==    by 0x109608: main (test_assign4_1.c:34)
==157436== 
==157436== 700 bytes in 250 blocks are definitely lost in loss record 16 of 60
==157436==    at 0x483B7F3: malloc (in /usr/lib/x86_64-linux-gnu/valgrind/vgpreload_memcheck-amd64-linux.so)
==157436==    by 0x111FD0: serializeValue (rm_serializer.c:418)
==157436==    by 0x1140D1: printTree (btree_mgr.c:885)
==157436==    by 0x10A34B: testDelete (test_assign4_1.c:149)
==157436==    by 0x109608: main (test_assign4_1.c:34)
==157436== 
==157436== 704 bytes in 44 blocks are indirectly lost in loss record 17 of 60
==157436==    at 0x483B7F3: malloc (in /usr/lib/x86_64-linux-gnu/valgrind/vgpreload_memcheck-amd64-linux.so)
==157436==    by 0x113151: copyKey (btree_mgr.c:485)
==157436==    by 0x112E02: splitNonLeafNode (btree_mgr.c:429)
==157436==    by 0x113134: insertIntoParentNode (btree_mgr.c:479)
==157436==    by 0x113265: insertKey (btree_mgr.c:522)
==157436==    by 0x10ABFB: testIndexScan (test_assign4_1.c:236)
==157436==    by 0x10960D: main (test_assign4_1.c:35)
==157436== 
==157436== 704 bytes in 44 blocks are definitely lost in loss record 18 of 60
==157436==    at 0x483B7F3: malloc (in /usr/lib/x86_64-linux-gnu/valgrind/vgpreload_memcheck-amd64-linux.so)
==157436==    by 0x113151: copyKey (btree_mgr.c:485)
==157436==    by 0x11324A: insertKey (btree_mgr.c:519)
==157436==    by 0x10ABFB: testIndexScan (test_assign4_1.c:236)
==157436==    by 0x10960D: main (test_assign4_1.c:35)
==157436== 
==157436== 768 bytes in 48 blocks are definitely lost in loss record 19 of 60
==157436==    at 0x483B7F3: malloc (in /usr/lib/x86_64-linux-gnu/valgrind/vgpreload_memcheck-amd64-linux.so)
==157436==    by 0x113151: copyKey (btree_mgr.c:485)
==157436==    by 0x11324A: insertKey (btree_mgr.c:519)
==157436==    by 0x10A2AF: testDelete (test_assign4_1.c:147)
==157436==    by 0x109608: main (test_assign4_1.c:34)
==157436== 
==157436== 832 bytes in 52 blocks are indirectly lost in loss record 20 of 60
==157436==    at 0x483B7F3: malloc (in /usr/lib/x86_64-linux-gnu/valgrind/vgpreload_memcheck-amd64-linux.so)
==157436==    by 0x113151: copyKey (btree_mgr.c:485)
==157436==    by 0x11324A: insertKey (btree_mgr.c:519)
==157436==    by 0x10A2AF: testDelete (test_assign4_1.c:147)
==157436==    by 0x109608: main (test_assign4_1.c:34)
==157436== 
==157436== 1,024 bytes in 128 blocks are definitely lost in loss record 21 of 60
==157436==    at 0x483B7F3: malloc (in /usr/lib/x86_64-linux-gnu/valgrind/vgpreload_memcheck-amd64-linux.so)
==157436==    by 0x112B10: buildRID (btree_mgr.c:363)
==157436==    by 0x112C27: insertIntoLeafNode (btree_mgr.c:385)
==157436==    by 0x113208: insertKey (btree_mgr.c:510)
==157436==    by 0x10A2AF: testDelete (test_assign4_1.c:147)
==157436==    by 0x109608: main (test_assign4_1.c:34)
==157436== 
==157436== 1,030 bytes in 360 blocks are definitely lost in loss record 22 of 60
==157436==    at 0x483B7F3: malloc (in /usr/lib/x86_64-linux-gnu/valgrind/vgpreload_memcheck-amd64-linux.so)
==157436==    by 0x111FD0: serializeValue (rm_serializer.c:418)
==157436==    by 0x11409B: printTree (btree_mgr.c:883)
==157436==    by 0x10A467: testDelete (test_assign4_1.c:156)
==157436==    by 0x109608: main (test_assign4_1.c:34)
==157436== 
==157436== 1,056 bytes in 44 blocks are indirectly lost in loss record 23 of 60
==157436==    at 0x483B7F3: malloc (in /usr/lib/x86_64-linux-gnu/valgrind/vgpreload_memcheck-amd64-linux.so)
==157436==    by 0x1129AF: createNode (btree_mgr.c:302)
==157436==    by 0x112A51: createNonLeafNode (btree_mgr.c:331)
==157436==    by 0x112DCB: splitNonLeafNode (btree_mgr.c:424)
==157436==    by 0x113134: insertIntoParentNode (btree_mgr.c:479)
==157436==    by 0x113265: insertKey (btree_mgr.c:522)
==157436==    by 0x10ABFB: testIndexScan (test_assign4_1.c:236)
==157436==    by 0x10960D: main (test_assign4_1.c:35)
==157436== 
==157436== 1,056 bytes in 44 blocks are indirectly lost in loss record 24 of 60
==157436==    at 0x483B7F3: malloc (in /usr/lib/x86_64-linux-gnu/valgrind/vgpreload_memcheck-amd64-linux.so)
==157436==    by 0x1129AF: createNode (btree_mgr.c:302)
==157436==    by 0x112A51: createNonLeafNode (btree_mgr.c:331)
==157436==    by 0x112FE8: insertIntoParentNode (btree_mgr.c:464)
==157436==    by 0x112FA2: splitNonLeafNode (btree_mgr.c:449)
==157436==    by 0x113134: insertIntoParentNode (btree_mgr.c:479)
==157436==    by 0x113265: insertKey (btree_mgr.c:522)
==157436==    by 0x10ABFB: testIndexScan (test_assign4_1.c:236)
==157436==    by 0x10960D: main (test_assign4_1.c:35)
==157436== 
==157436== 1,104 bytes in 46 blocks are indirectly lost in loss record 25 of 60
==157436==    at 0x483B7F3: malloc (in /usr/lib/x86_64-linux-gnu/valgrind/vgpreload_memcheck-amd64-linux.so)
==157436==    by 0x1129AF: createNode (btree_mgr.c:302)
==157436==    by 0x1129FF: createLeafNode (btree_mgr.c:317)
==157436==    by 0x1131AE: insertKey (btree_mgr.c:501)
==157436==    by 0x10A2AF: testDelete (test_assign4_1.c:147)
==157436==    by 0x109608: main (test_assign4_1.c:34)
==157436== 
==157436== 1,104 bytes in 46 blocks are indirectly lost in loss record 26 of 60
==157436==    at 0x483B7F3: malloc (in /usr/lib/x86_64-linux-gnu/valgrind/vgpreload_memcheck-amd64-linux.so)
==157436==    by 0x112A24: createLeafNode (btree_mgr.c:319)
==157436==    by 0x1131AE: insertKey (btree_mgr.c:501)
==157436==    by 0x10A2AF: testDelete (test_assign4_1.c:147)
==157436==    by 0x109608: main (test_assign4_1.c:34)
==157436== 
==157436== 1,182 bytes in 404 blocks are definitely lost in loss record 27 of 60
==157436==    at 0x483B7F3: malloc (in /usr/lib/x86_64-linux-gnu/valgrind/vgpreload_memcheck-amd64-linux.so)
==157436==    by 0x111FD0: serializeValue (rm_serializer.c:418)
==157436==    by 0x1140D1: printTree (btree_mgr.c:885)
==157436==    by 0x10A467: testDelete (test_assign4_1.c:156)
==157436==    by 0x109608: main (test_assign4_1.c:34)
==157436== 
==157436== 1,192 bytes in 149 blocks are definitely lost in loss record 28 of 60
==157436==    at 0x483B7F3: malloc (in /usr/lib/x86_64-linux-gnu/valgrind/vgpreload_memcheck-amd64-linux.so)
==157436==    by 0x112B10: buildRID (btree_mgr.c:363)
==157436==    by 0x113E7E: nextEntry (btree_mgr.c:825)
==157436==    by 0x10AEA1: testIndexScan (test_assign4_1.c:247)
==157436==    by 0x10960D: main (test_assign4_1.c:35)
==157436== 
==157436== 1,200 bytes in 50 blocks are indirectly lost in loss record 29 of 60
==157436==    at 0x483B7F3: malloc (in /usr/lib/x86_64-linux-gnu/valgrind/vgpreload_memcheck-amd64-linux.so)
==157436==    by 0x1129AF: createNode (btree_mgr.c:302)
==157436==    by 0x112A51: createNonLeafNode (btree_mgr.c:331)
==157436==    by 0x112FE8: insertIntoParentNode (btree_mgr.c:464)
==157436==    by 0x113265: insertKey (btree_mgr.c:522)
==157436==    by 0x10A2AF: testDelete (test_assign4_1.c:147)
==157436==    by 0x109608: main (test_assign4_1.c:34)
==157436== 
==157436== 1,200 bytes in 50 blocks are indirectly lost in loss record 30 of 60
==157436==    at 0x483B7F3: malloc (in /usr/lib/x86_64-linux-gnu/valgrind/vgpreload_memcheck-amd64-linux.so)
==157436==    by 0x1129AF: createNode (btree_mgr.c:302)
==157436==    by 0x1129FF: createLeafNode (btree_mgr.c:317)
==157436==    by 0x1131AE: insertKey (btree_mgr.c:501)
==157436==    by 0x10ABFB: testIndexScan (test_assign4_1.c:236)
==157436==    by 0x10960D: main (test_assign4_1.c:35)
==157436== 
==157436== 1,200 bytes in 50 blocks are indirectly lost in loss record 31 of 60
==157436==    at 0x483B7F3: malloc (in /usr/lib/x86_64-linux-gnu/valgrind/vgpreload_memcheck-amd64-linux.so)
==157436==    by 0x112A24: createLeafNode (btree_mgr.c:319)
==157436==    by 0x1131AE: insertKey (btree_mgr.c:501)
==157436==    by 0x10ABFB: testIndexScan (test_assign4_1.c:236)
==157436==    by 0x10960D: main (test_assign4_1.c:35)
==157436== 
==157436== 1,200 bytes in 50 blocks are indirectly lost in loss record 32 of 60
==157436==    at 0x483B7F3: malloc (in /usr/lib/x86_64-linux-gnu/valgrind/vgpreload_memcheck-amd64-linux.so)
==157436==    by 0x1129AF: createNode (btree_mgr.c:302)
==157436==    by 0x112A51: createNonLeafNode (btree_mgr.c:331)
==157436==    by 0x112FE8: insertIntoParentNode (btree_mgr.c:464)
==157436==    by 0x113265: insertKey (btree_mgr.c:522)
==157436==    by 0x10ABFB: testIndexScan (test_assign4_1.c:236)
==157436==    by 0x10960D: main (test_assign4_1.c:35)
==157436== 
==157436== 1,200 bytes in 50 blocks are definitely lost in loss record 33 of 60
==157436==    at 0x483B7F3: malloc (in /usr/lib/x86_64-linux-gnu/valgrind/vgpreload_memcheck-amd64-linux.so)
==157436==    by 0x112466: openBtree (btree_mgr.c:100)
==157436==    by 0x10A1EF: testDelete (test_assign4_1.c:143)
==157436==    by 0x109608: main (test_assign4_1.c:34)
==157436== 
==157436== 1,200 bytes in 50 blocks are definitely lost in loss record 34 of 60
==157436==    at 0x483B7F3: malloc (in /usr/lib/x86_64-linux-gnu/valgrind/vgpreload_memcheck-amd64-linux.so)
==157436==    by 0x112466: openBtree (btree_mgr.c:100)
==157436==    by 0x10AB0F: testIndexScan (test_assign4_1.c:232)
==157436==    by 0x10960D: main (test_assign4_1.c:35)
==157436== 
==157436== 1,208 bytes in 151 blocks are definitely lost in loss record 35 of 60
==157436==    at 0x483B7F3: malloc (in /usr/lib/x86_64-linux-gnu/valgrind/vgpreload_memcheck-amd64-linux.so)
==157436==    by 0x112B10: buildRID (btree_mgr.c:363)
==157436==    by 0x113E7E: nextEntry (btree_mgr.c:825)
==157436==    by 0x113EE7: nextEntry (btree_mgr.c:833)
==157436==    by 0x10AEA1: testIndexScan (test_assign4_1.c:247)
==157436==    by 0x10960D: main (test_assign4_1.c:35)
==157436== 
==157436== 1,232 bytes in 77 blocks are definitely lost in loss record 36 of 60
==157436==    at 0x483B7F3: malloc (in /usr/lib/x86_64-linux-gnu/valgrind/vgpreload_memcheck-amd64-linux.so)
==157436==    by 0x113151: copyKey (btree_mgr.c:485)
==157436==    by 0x113D04: deleteKey (btree_mgr.c:768)
==157436==    by 0x10A3E4: testDelete (test_assign4_1.c:155)
==157436==    by 0x109608: main (test_assign4_1.c:34)
==157436== 
==157436== 1,376 bytes in 172 blocks are indirectly lost in loss record 37 of 60
==157436==    at 0x483B7F3: malloc (in /usr/lib/x86_64-linux-gnu/valgrind/vgpreload_memcheck-amd64-linux.so)
==157436==    by 0x112B10: buildRID (btree_mgr.c:363)
==157436==    by 0x112C27: insertIntoLeafNode (btree_mgr.c:385)
==157436==    by 0x113208: insertKey (btree_mgr.c:510)
==157436==    by 0x10A2AF: testDelete (test_assign4_1.c:147)
==157436==    by 0x109608: main (test_assign4_1.c:34)
==157436== 
==157436== 1,408 bytes in 44 blocks are indirectly lost in loss record 38 of 60
==157436==    at 0x483B7F3: malloc (in /usr/lib/x86_64-linux-gnu/valgrind/vgpreload_memcheck-amd64-linux.so)
==157436==    by 0x112A76: createNonLeafNode (btree_mgr.c:333)
==157436==    by 0x112DCB: splitNonLeafNode (btree_mgr.c:424)
==157436==    by 0x113134: insertIntoParentNode (btree_mgr.c:479)
==157436==    by 0x113265: insertKey (btree_mgr.c:522)
==157436==    by 0x10ABFB: testIndexScan (test_assign4_1.c:236)
==157436==    by 0x10960D: main (test_assign4_1.c:35)
==157436== 
==157436== 1,408 bytes in 44 blocks are indirectly lost in loss record 39 of 60
==157436==    at 0x483B7F3: malloc (in /usr/lib/x86_64-linux-gnu/valgrind/vgpreload_memcheck-amd64-linux.so)
==157436==    by 0x112A76: createNonLeafNode (btree_mgr.c:333)
==157436==    by 0x112FE8: insertIntoParentNode (btree_mgr.c:464)
==157436==    by 0x112FA2: splitNonLeafNode (btree_mgr.c:449)
==157436==    by 0x113134: insertIntoParentNode (btree_mgr.c:479)
==157436==    by 0x113265: insertKey (btree_mgr.c:522)
==157436==    by 0x10ABFB: testIndexScan (test_assign4_1.c:236)
==157436==    by 0x10960D: main (test_assign4_1.c:35)
==157436== 
==157436== 1,600 bytes in 50 blocks are indirectly lost in loss record 40 of 60
==157436==    at 0x483B7F3: malloc (in /usr/lib/x86_64-linux-gnu/valgrind/vgpreload_memcheck-amd64-linux.so)
==157436==    by 0x112A76: createNonLeafNode (btree_mgr.c:333)
==157436==    by 0x112FE8: insertIntoParentNode (btree_mgr.c:464)
==157436==    by 0x113265: insertKey (btree_mgr.c:522)
==157436==    by 0x10A2AF: testDelete (test_assign4_1.c:147)
==157436==    by 0x109608: main (test_assign4_1.c:34)
==157436== 
==157436== 1,600 bytes in 50 blocks are indirectly lost in loss record 41 of 60
==157436==    at 0x483B7F3: malloc (in /usr/lib/x86_64-linux-gnu/valgrind/vgpreload_memcheck-amd64-linux.so)
==157436==    by 0x112A76: createNonLeafNode (btree_mgr.c:333)
==157436==    by 0x112FE8: insertIntoParentNode (btree_mgr.c:464)
==157436==    by 0x113265: insertKey (btree_mgr.c:522)
==157436==    by 0x10ABFB: testIndexScan (test_assign4_1.c:236)
==157436==    by 0x10960D: main (test_assign4_1.c:35)
==157436== 
==157436== 1,712 bytes in 107 blocks are indirectly lost in loss record 42 of 60
==157436==    at 0x483B7F3: malloc (in /usr/lib/x86_64-linux-gnu/valgrind/vgpreload_memcheck-amd64-linux.so)
==157436==    by 0x113151: copyKey (btree_mgr.c:485)
==157436==    by 0x11324A: insertKey (btree_mgr.c:519)
==157436==    by 0x10ABFB: testIndexScan (test_assign4_1.c:236)
==157436==    by 0x10960D: main (test_assign4_1.c:35)
==157436== 
==157436== 2,064 bytes in 86 blocks are indirectly lost in loss record 43 of 60
==157436==    at 0x483B7F3: malloc (in /usr/lib/x86_64-linux-gnu/valgrind/vgpreload_memcheck-amd64-linux.so)
==157436==    by 0x1129AF: createNode (btree_mgr.c:302)
==157436==    by 0x1129FF: createLeafNode (btree_mgr.c:317)
==157436==    by 0x112C74: splitLeafNode (btree_mgr.c:398)
==157436==    by 0x113233: insertKey (btree_mgr.c:517)
==157436==    by 0x10A2AF: testDelete (test_assign4_1.c:147)
==157436==    by 0x109608: main (test_assign4_1.c:34)
==157436== 
==157436== 2,064 bytes in 86 blocks are indirectly lost in loss record 44 of 60
==157436==    at 0x483B7F3: malloc (in /usr/lib/x86_64-linux-gnu/valgrind/vgpreload_memcheck-amd64-linux.so)
==157436==    by 0x112A24: createLeafNode (btree_mgr.c:319)
==157436==    by 0x112C74: splitLeafNode (btree_mgr.c:398)
==157436==    by 0x113233: insertKey (btree_mgr.c:517)
==157436==    by 0x10A2AF: testDelete (test_assign4_1.c:147)
==157436==    by 0x109608: main (test_assign4_1.c:34)
==157436== 
==157436== 2,400 bytes in 300 blocks are indirectly lost in loss record 45 of 60
==157436==    at 0x483B7F3: malloc (in /usr/lib/x86_64-linux-gnu/valgrind/vgpreload_memcheck-amd64-linux.so)
==157436==    by 0x112B10: buildRID (btree_mgr.c:363)
==157436==    by 0x112C27: insertIntoLeafNode (btree_mgr.c:385)
==157436==    by 0x113208: insertKey (btree_mgr.c:510)
==157436==    by 0x10ABFB: testIndexScan (test_assign4_1.c:236)
==157436==    by 0x10960D: main (test_assign4_1.c:35)
==157436== 
==157436== 2,464 bytes in 44 blocks are indirectly lost in loss record 46 of 60
==157436==    at 0x483B7F3: malloc (in /usr/lib/x86_64-linux-gnu/valgrind/vgpreload_memcheck-amd64-linux.so)
==157436==    by 0x112994: createNode (btree_mgr.c:300)
==157436==    by 0x112A51: createNonLeafNode (btree_mgr.c:331)
==157436==    by 0x112DCB: splitNonLeafNode (btree_mgr.c:424)
==157436==    by 0x113134: insertIntoParentNode (btree_mgr.c:479)
==157436==    by 0x113265: insertKey (btree_mgr.c:522)
==157436==    by 0x10ABFB: testIndexScan (test_assign4_1.c:236)
==157436==    by 0x10960D: main (test_assign4_1.c:35)
==157436== 
==157436== 2,464 bytes in 44 blocks are indirectly lost in loss record 47 of 60
==157436==    at 0x483B7F3: malloc (in /usr/lib/x86_64-linux-gnu/valgrind/vgpreload_memcheck-amd64-linux.so)
==157436==    by 0x112994: createNode (btree_mgr.c:300)
==157436==    by 0x112A51: createNonLeafNode (btree_mgr.c:331)
==157436==    by 0x112FE8: insertIntoParentNode (btree_mgr.c:464)
==157436==    by 0x112FA2: splitNonLeafNode (btree_mgr.c:449)
==157436==    by 0x113134: insertIntoParentNode (btree_mgr.c:479)
==157436==    by 0x113265: insertKey (btree_mgr.c:522)
==157436==    by 0x10ABFB: testIndexScan (test_assign4_1.c:236)
==157436==    by 0x10960D: main (test_assign4_1.c:35)
==157436== 
==157436== 2,576 bytes in 46 blocks are indirectly lost in loss record 48 of 60
==157436==    at 0x483B7F3: malloc (in /usr/lib/x86_64-linux-gnu/valgrind/vgpreload_memcheck-amd64-linux.so)
==157436==    by 0x112994: createNode (btree_mgr.c:300)
==157436==    by 0x1129FF: createLeafNode (btree_mgr.c:317)
==157436==    by 0x1131AE: insertKey (btree_mgr.c:501)
==157436==    by 0x10A2AF: testDelete (test_assign4_1.c:147)
==157436==    by 0x109608: main (test_assign4_1.c:34)
==157436== 
==157436== 2,800 bytes in 50 blocks are indirectly lost in loss record 49 of 60
==157436==    at 0x483B7F3: malloc (in /usr/lib/x86_64-linux-gnu/valgrind/vgpreload_memcheck-amd64-linux.so)
==157436==    by 0x112994: createNode (btree_mgr.c:300)
==157436==    by 0x112A51: createNonLeafNode (btree_mgr.c:331)
==157436==    by 0x112FE8: insertIntoParentNode (btree_mgr.c:464)
==157436==    by 0x113265: insertKey (btree_mgr.c:522)
==157436==    by 0x10A2AF: testDelete (test_assign4_1.c:147)
==157436==    by 0x109608: main (test_assign4_1.c:34)
==157436== 
==157436== 2,800 bytes in 50 blocks are indirectly lost in loss record 50 of 60
==157436==    at 0x483B7F3: malloc (in /usr/lib/x86_64-linux-gnu/valgrind/vgpreload_memcheck-amd64-linux.so)
==157436==    by 0x112994: createNode (btree_mgr.c:300)
==157436==    by 0x112A51: createNonLeafNode (btree_mgr.c:331)
==157436==    by 0x112FE8: insertIntoParentNode (btree_mgr.c:464)
==157436==    by 0x113265: insertKey (btree_mgr.c:522)
==157436==    by 0x10ABFB: testIndexScan (test_assign4_1.c:236)
==157436==    by 0x10960D: main (test_assign4_1.c:35)
==157436== 
==157436== 3,624 bytes in 151 blocks are indirectly lost in loss record 51 of 60
==157436==    at 0x483B7F3: malloc (in /usr/lib/x86_64-linux-gnu/valgrind/vgpreload_memcheck-amd64-linux.so)
==157436==    by 0x1129AF: createNode (btree_mgr.c:302)
==157436==    by 0x1129FF: createLeafNode (btree_mgr.c:317)
==157436==    by 0x112C74: splitLeafNode (btree_mgr.c:398)
==157436==    by 0x113233: insertKey (btree_mgr.c:517)
==157436==    by 0x10ABFB: testIndexScan (test_assign4_1.c:236)
==157436==    by 0x10960D: main (test_assign4_1.c:35)
==157436== 
==157436== 3,624 bytes in 151 blocks are indirectly lost in loss record 52 of 60
==157436==    at 0x483B7F3: malloc (in /usr/lib/x86_64-linux-gnu/valgrind/vgpreload_memcheck-amd64-linux.so)
==157436==    by 0x112A24: createLeafNode (btree_mgr.c:319)
==157436==    by 0x112C74: splitLeafNode (btree_mgr.c:398)
==157436==    by 0x113233: insertKey (btree_mgr.c:517)
==157436==    by 0x10ABFB: testIndexScan (test_assign4_1.c:236)
==157436==    by 0x10960D: main (test_assign4_1.c:35)
==157436== 
==157436== 3,904 bytes in 128 blocks are definitely lost in loss record 53 of 60
==157436==    at 0x483B7F3: malloc (in /usr/lib/x86_64-linux-gnu/valgrind/vgpreload_memcheck-amd64-linux.so)
==157436==    by 0x113F6A: printTree (btree_mgr.c:863)
==157436==    by 0x10A467: testDelete (test_assign4_1.c:156)
==157436==    by 0x109608: main (test_assign4_1.c:34)
==157436== 
==157436== 4,096 bytes in 1 blocks are definitely lost in loss record 54 of 60
==157436==    at 0x483B7F3: malloc (in /usr/lib/x86_64-linux-gnu/valgrind/vgpreload_memcheck-amd64-linux.so)
==157436==    by 0x10C5AE: pinPage (buffer_mgr.c:434)
==157436==    by 0x1124BE: openBtree (btree_mgr.c:104)
==157436==    by 0x10981B: testInsertAndFind (test_assign4_1.c:69)
==157436==    by 0x109603: main (test_assign4_1.c:33)
==157436== 
==157436== 4,816 bytes in 86 blocks are indirectly lost in loss record 55 of 60
==157436==    at 0x483B7F3: malloc (in /usr/lib/x86_64-linux-gnu/valgrind/vgpreload_memcheck-amd64-linux.so)
==157436==    by 0x112994: createNode (btree_mgr.c:300)
==157436==    by 0x1129FF: createLeafNode (btree_mgr.c:317)
==157436==    by 0x112C74: splitLeafNode (btree_mgr.c:398)
==157436==    by 0x113233: insertKey (btree_mgr.c:517)
==157436==    by 0x10A2AF: testDelete (test_assign4_1.c:147)
==157436==    by 0x109608: main (test_assign4_1.c:34)
==157436== 
==157436== 8,456 bytes in 151 blocks are indirectly lost in loss record 56 of 60
==157436==    at 0x483B7F3: malloc (in /usr/lib/x86_64-linux-gnu/valgrind/vgpreload_memcheck-amd64-linux.so)
==157436==    by 0x112994: createNode (btree_mgr.c:300)
==157436==    by 0x1129FF: createLeafNode (btree_mgr.c:317)
==157436==    by 0x112C74: splitLeafNode (btree_mgr.c:398)
==157436==    by 0x113233: insertKey (btree_mgr.c:517)
==157436==    by 0x10ABFB: testIndexScan (test_assign4_1.c:236)
==157436==    by 0x10960D: main (test_assign4_1.c:35)
==157436== 
==157436== 23,664 (1,600 direct, 22,064 indirect) bytes in 50 blocks are definitely lost in loss record 57 of 60
==157436==    at 0x483B7F3: malloc (in /usr/lib/x86_64-linux-gnu/valgrind/vgpreload_memcheck-amd64-linux.so)
==157436==    by 0x113F6A: printTree (btree_mgr.c:863)
==157436==    by 0x10A34B: testDelete (test_assign4_1.c:149)
==157436==    by 0x109608: main (test_assign4_1.c:34)
==157436== 
==157436== 41,176 (2,800 direct, 38,376 indirect) bytes in 50 blocks are definitely lost in loss record 58 of 60
==157436==    at 0x483B7F3: malloc (in /usr/lib/x86_64-linux-gnu/valgrind/vgpreload_memcheck-amd64-linux.so)
==157436==    by 0x112994: createNode (btree_mgr.c:300)
==157436==    by 0x1129FF: createLeafNode (btree_mgr.c:317)
==157436==    by 0x1131AE: insertKey (btree_mgr.c:501)
==157436==    by 0x10ABFB: testIndexScan (test_assign4_1.c:236)
==157436==    by 0x10960D: main (test_assign4_1.c:35)
==157436== 
==157436== 204,800 bytes in 50 blocks are definitely lost in loss record 59 of 60
==157436==    at 0x483B7F3: malloc (in /usr/lib/x86_64-linux-gnu/valgrind/vgpreload_memcheck-amd64-linux.so)
==157436==    by 0x10C5AE: pinPage (buffer_mgr.c:434)
==157436==    by 0x1124BE: openBtree (btree_mgr.c:104)
==157436==    by 0x10A1EF: testDelete (test_assign4_1.c:143)
==157436==    by 0x109608: main (test_assign4_1.c:34)
==157436== 
==157436== 204,800 bytes in 50 blocks are definitely lost in loss record 60 of 60
==157436==    at 0x483B7F3: malloc (in /usr/lib/x86_64-linux-gnu/valgrind/vgpreload_memcheck-amd64-linux.so)
==157436==    by 0x10C5AE: pinPage (buffer_mgr.c:434)
==157436==    by 0x1124BE: openBtree (btree_mgr.c:104)
==157436==    by 0x10AB0F: testIndexScan (test_assign4_1.c:232)
==157436==    by 0x10960D: main (test_assign4_1.c:35)
==157436== 
==157436== LEAK SUMMARY:
==157436==    definitely lost: 434,336 bytes in 2,320 blocks
==157436==    indirectly lost: 60,888 bytes in 2,240 blocks
==157436==      possibly lost: 0 bytes in 0 blocks
==157436==    still reachable: 0 bytes in 0 blocks
==157436==         suppressed: 0 bytes in 0 blocks
==157436== 
==157436== For lists of detected and suppressed errors, rerun with: -s
==157436== ERROR SUMMARY: 597 errors from 34 contexts (suppressed: 0 from 0)
